<?xml version="1.0" encoding="UTF-8"?>
<!-- Generated by org.testng.reporters.JUnitXMLReporter -->
<testsuite ignored="0" hostname="LAPTOP-RE35JDP4" failures="0" tests="11" name="Test" time="88.148" errors="0" timestamp="08 Mar 2024 08:56:51 GMT">
  <testcase classname="com.sqa.qa.testcases.TransactionsPageTest" name="Verify_Deposit_With_ValideAmmount" time="1.971"/>
  <testcase classname="com.sqa.qa.testcases.CustomerLoginTest" name="customerlogin" time="1.546"/>
  <testcase classname="com.sqa.qa.testcases.CustomersPageTest" name="DeleteCustomerEntry" time="0.961"/>
  <testcase classname="com.sqa.qa.testcases.AddCustomerTest" name="AddCustomer_NotExist" time="1.287"/>
  <testcase classname="com.sqa.qa.testcases.OpenAccountPageTest" name="OpenAccount" time="2.034"/>
  <testcase classname="com.sqa.qa.testcases.AccountPageTest" name="Verify_Deposit_With_ValideAmmount" time="2.244"/>
  <testcase classname="com.sqa.qa.testcases.AddCustomerTest" name="AddCustomer_Exist" time="2.847"/>
  <testcase classname="com.sqa.qa.testcases.AccountPageTest" name="Verify_Deposit_With_InValideAmmount" time="2.121"/>
  <testcase classname="com.sqa.qa.testcases.AccountPageTest" name="Verify_Withdraw_With_ValideAmmount" time="11.951"/>
  <testcase classname="com.sqa.qa.testcases.AccountPageTest" name="Verify_Withdraw_With_InValideAmmount" time="10.718"/>
  <testcase classname="com.sqa.qa.testcases.AccountPageTest" name="Verify_Withdraw_With_InSufficient" time="11.629"/>
</testsuite> <!-- Test -->
