<?xml version="1.0" encoding="UTF-8"?>
<testng-results ignored="0" total="10" passed="9" failed="1" skipped="0">
  <reporter-output>
  </reporter-output>
  <suite started-at="2024-03-12T15:09:35Z" name="Suite" finished-at="2024-03-12T15:10:58Z" duration-ms="82955">
    <groups>
    </groups>
    <test started-at="2024-03-12T15:09:35Z" name="Test" finished-at="2024-03-12T15:10:58Z" duration-ms="82955">
      <class name="com.sqa.qa.testcases.TransactionsPageTest">
        <test-method is-config="true" signature="setUp()[pri:0, instance:com.sqa.qa.testcases.TransactionsPageTest@710636b0]" started-at="2024-03-12T20:39:35Z" name="setUp" finished-at="2024-03-12T20:39:42Z" duration-ms="7053" status="PASS">
          <reporter-output>
          </reporter-output>
        </test-method> <!-- setUp -->
        <test-method signature="Verify_Deposit_With_ValideAmmount()[pri:1, instance:com.sqa.qa.testcases.TransactionsPageTest@710636b0]" started-at="2024-03-12T20:39:42Z" name="Verify_Deposit_With_ValideAmmount" finished-at="2024-03-12T20:39:44Z" duration-ms="1843" status="PASS">
          <reporter-output>
          </reporter-output>
        </test-method> <!-- Verify_Deposit_With_ValideAmmount -->
        <test-method is-config="true" signature="tearDown()[pri:0, instance:com.sqa.qa.testcases.TransactionsPageTest@710636b0]" started-at="2024-03-12T20:39:44Z" name="tearDown" finished-at="2024-03-12T20:39:49Z" duration-ms="5575" status="PASS">
          <reporter-output>
          </reporter-output>
        </test-method> <!-- tearDown -->
      </class> <!-- com.sqa.qa.testcases.TransactionsPageTest -->
      <class name="com.sqa.qa.testcases.AddCustomerTest">
        <test-method is-config="true" signature="setUp()[pri:0, instance:com.sqa.qa.testcases.AddCustomerTest@4e5ed836]" started-at="2024-03-12T20:40:00Z" name="setUp" finished-at="2024-03-12T20:40:03Z" duration-ms="2943" status="PASS">
          <reporter-output>
          </reporter-output>
        </test-method> <!-- setUp -->
        <test-method signature="AddCustomer_NotExist()[pri:1, instance:com.sqa.qa.testcases.AddCustomerTest@4e5ed836]" started-at="2024-03-12T20:40:03Z" name="AddCustomer_NotExist" finished-at="2024-03-12T20:40:04Z" duration-ms="1427" status="PASS">
          <reporter-output>
          </reporter-output>
        </test-method> <!-- AddCustomer_NotExist -->
        <test-method is-config="true" signature="tearDown()[pri:0, instance:com.sqa.qa.testcases.AddCustomerTest@4e5ed836]" started-at="2024-03-12T20:40:04Z" name="tearDown" finished-at="2024-03-12T20:40:04Z" duration-ms="233" status="PASS">
          <reporter-output>
          </reporter-output>
        </test-method> <!-- tearDown -->
        <test-method is-config="true" signature="setUp()[pri:0, instance:com.sqa.qa.testcases.AddCustomerTest@4e5ed836]" started-at="2024-03-12T20:40:16Z" name="setUp" finished-at="2024-03-12T20:40:19Z" duration-ms="3017" status="PASS">
          <reporter-output>
          </reporter-output>
        </test-method> <!-- setUp -->
        <test-method signature="AddCustomer_Exist()[pri:2, instance:com.sqa.qa.testcases.AddCustomerTest@4e5ed836]" started-at="2024-03-12T20:40:19Z" name="AddCustomer_Exist" finished-at="2024-03-12T20:40:21Z" depends-on-methods="com.sqa.qa.testcases.AddCustomerTest.AddCustomer_NotExist" duration-ms="1978" status="PASS">
          <reporter-output>
          </reporter-output>
        </test-method> <!-- AddCustomer_Exist -->
        <test-method is-config="true" signature="tearDown()[pri:0, instance:com.sqa.qa.testcases.AddCustomerTest@4e5ed836]" started-at="2024-03-12T20:40:21Z" name="tearDown" finished-at="2024-03-12T20:40:21Z" duration-ms="225" status="PASS">
          <reporter-output>
          </reporter-output>
        </test-method> <!-- tearDown -->
      </class> <!-- com.sqa.qa.testcases.AddCustomerTest -->
      <class name="com.sqa.qa.testcases.OpenAccountPageTest">
        <test-method is-config="true" signature="setUp()[pri:0, instance:com.sqa.qa.testcases.OpenAccountPageTest@eadd4fb]" started-at="2024-03-12T20:40:04Z" name="setUp" finished-at="2024-03-12T20:40:08Z" duration-ms="3351" status="PASS">
          <reporter-output>
          </reporter-output>
        </test-method> <!-- setUp -->
        <test-method signature="OpenAccount()[pri:1, instance:com.sqa.qa.testcases.OpenAccountPageTest@eadd4fb]" started-at="2024-03-12T20:40:08Z" name="OpenAccount" finished-at="2024-03-12T20:40:10Z" duration-ms="2031" status="PASS">
          <reporter-output>
          </reporter-output>
        </test-method> <!-- OpenAccount -->
        <test-method is-config="true" signature="tearDown()[pri:0, instance:com.sqa.qa.testcases.OpenAccountPageTest@eadd4fb]" started-at="2024-03-12T20:40:10Z" name="tearDown" finished-at="2024-03-12T20:40:10Z" duration-ms="255" status="PASS">
          <reporter-output>
          </reporter-output>
        </test-method> <!-- tearDown -->
      </class> <!-- com.sqa.qa.testcases.OpenAccountPageTest -->
      <class name="com.sqa.qa.testcases.CustomersPageTest">
        <test-method is-config="true" signature="setUp()[pri:0, instance:com.sqa.qa.testcases.CustomersPageTest@2ab4bc72]" started-at="2024-03-12T20:39:56Z" name="setUp" finished-at="2024-03-12T20:39:59Z" duration-ms="3089" status="PASS">
          <reporter-output>
          </reporter-output>
        </test-method> <!-- setUp -->
        <test-method signature="DeleteCustomerEntry()[pri:1, instance:com.sqa.qa.testcases.CustomersPageTest@2ab4bc72]" started-at="2024-03-12T20:39:59Z" name="DeleteCustomerEntry" finished-at="2024-03-12T20:40:00Z" duration-ms="881" status="PASS">
          <reporter-output>
          </reporter-output>
        </test-method> <!-- DeleteCustomerEntry -->
        <test-method is-config="true" signature="tearDown()[pri:0, instance:com.sqa.qa.testcases.CustomersPageTest@2ab4bc72]" started-at="2024-03-12T20:40:00Z" name="tearDown" finished-at="2024-03-12T20:40:00Z" duration-ms="254" status="PASS">
          <reporter-output>
          </reporter-output>
        </test-method> <!-- tearDown -->
      </class> <!-- com.sqa.qa.testcases.CustomersPageTest -->
      <class name="com.sqa.qa.testcases.CustomerLoginTest">
        <test-method is-config="true" signature="setUp()[pri:0, instance:com.sqa.qa.testcases.CustomerLoginTest@3de8f619]" started-at="2024-03-12T20:39:49Z" name="setUp" finished-at="2024-03-12T20:39:54Z" duration-ms="4378" status="PASS">
          <reporter-output>
          </reporter-output>
        </test-method> <!-- setUp -->
        <test-method signature="customerlogin()[pri:1, instance:com.sqa.qa.testcases.CustomerLoginTest@3de8f619]" started-at="2024-03-12T20:39:54Z" name="customerlogin" finished-at="2024-03-12T20:39:55Z" duration-ms="1623" status="PASS">
          <reporter-output>
          </reporter-output>
        </test-method> <!-- customerlogin -->
        <test-method is-config="true" signature="tearDown()[pri:0, instance:com.sqa.qa.testcases.CustomerLoginTest@3de8f619]" started-at="2024-03-12T20:39:55Z" name="tearDown" finished-at="2024-03-12T20:39:56Z" duration-ms="190" status="PASS">
          <reporter-output>
          </reporter-output>
        </test-method> <!-- tearDown -->
      </class> <!-- com.sqa.qa.testcases.CustomerLoginTest -->
      <class name="com.sqa.qa.testcases.AccountPageTest">
        <test-method is-config="true" signature="setUp()[pri:0, instance:com.sqa.qa.testcases.AccountPageTest@740fb309]" started-at="2024-03-12T20:40:10Z" name="setUp" finished-at="2024-03-12T20:40:14Z" duration-ms="3461" status="PASS">
          <reporter-output>
          </reporter-output>
        </test-method> <!-- setUp -->
        <test-method signature="Verify_Deposit_With_ValideAmmount()[pri:1, instance:com.sqa.qa.testcases.AccountPageTest@740fb309]" started-at="2024-03-12T20:40:14Z" name="Verify_Deposit_With_ValideAmmount" finished-at="2024-03-12T20:40:16Z" duration-ms="2106" status="PASS">
          <reporter-output>
          </reporter-output>
        </test-method> <!-- Verify_Deposit_With_ValideAmmount -->
        <test-method is-config="true" signature="tearDown()[pri:0, instance:com.sqa.qa.testcases.AccountPageTest@740fb309]" started-at="2024-03-12T20:40:16Z" name="tearDown" finished-at="2024-03-12T20:40:16Z" duration-ms="216" status="PASS">
          <reporter-output>
          </reporter-output>
        </test-method> <!-- tearDown -->
        <test-method is-config="true" signature="setUp()[pri:0, instance:com.sqa.qa.testcases.AccountPageTest@740fb309]" started-at="2024-03-12T20:40:21Z" name="setUp" finished-at="2024-03-12T20:40:25Z" duration-ms="3437" status="PASS">
          <reporter-output>
          </reporter-output>
        </test-method> <!-- setUp -->
        <test-method signature="Verify_Deposit_With_InValideAmmount()[pri:2, instance:com.sqa.qa.testcases.AccountPageTest@740fb309]" started-at="2024-03-12T20:40:25Z" name="Verify_Deposit_With_InValideAmmount" finished-at="2024-03-12T20:40:26Z" duration-ms="1133" status="FAIL">
          <exception class="java.lang.AssertionError">
            <message>
              <![CDATA[expected [true] but found [false]]]>
            </message>
            <full-stacktrace>
              <![CDATA[java.lang.AssertionError: expected [true] but found [false]
	at org.testng.Assert.fail(Assert.java:93)
	at org.testng.Assert.failNotEquals(Assert.java:512)
	at org.testng.Assert.assertTrue(Assert.java:41)
	at org.testng.Assert.assertTrue(Assert.java:51)
	at com.sqa.qa.pages.AccountPage.InValidDeposit(AccountPage.java:176)
	at com.sqa.qa.testcases.AccountPageTest.Verify_Deposit_With_InValideAmmount(AccountPageTest.java:44)
	at java.base/jdk.internal.reflect.NativeMethodAccessorImpl.invoke0(Native Method)
	at java.base/jdk.internal.reflect.NativeMethodAccessorImpl.invoke(NativeMethodAccessorImpl.java:77)
	at java.base/jdk.internal.reflect.DelegatingMethodAccessorImpl.invoke(DelegatingMethodAccessorImpl.java:43)
	at java.base/java.lang.reflect.Method.invoke(Method.java:568)
	at org.testng.internal.MethodInvocationHelper.invokeMethod(MethodInvocationHelper.java:108)
	at org.testng.internal.Invoker.invokeMethod(Invoker.java:661)
	at org.testng.internal.Invoker.invokeTestMethod(Invoker.java:869)
	at org.testng.internal.Invoker.invokeTestMethods(Invoker.java:1193)
	at org.testng.internal.TestMethodWorker.invokeTestMethods(TestMethodWorker.java:126)
	at org.testng.internal.TestMethodWorker.run(TestMethodWorker.java:109)
	at org.testng.TestRunner.privateRun(TestRunner.java:744)
	at org.testng.TestRunner.run(TestRunner.java:602)
	at org.testng.SuiteRunner.runTest(SuiteRunner.java:380)
	at org.testng.SuiteRunner.runSequentially(SuiteRunner.java:375)
	at org.testng.SuiteRunner.privateRun(SuiteRunner.java:340)
	at org.testng.SuiteRunner.run(SuiteRunner.java:289)
	at org.testng.SuiteRunnerWorker.runSuite(SuiteRunnerWorker.java:52)
	at org.testng.SuiteRunnerWorker.run(SuiteRunnerWorker.java:86)
	at org.testng.TestNG.runSuitesSequentially(TestNG.java:1301)
	at org.testng.TestNG.runSuitesLocally(TestNG.java:1226)
	at org.testng.TestNG.runSuites(TestNG.java:1144)
	at org.testng.TestNG.run(TestNG.java:1115)
	at org.testng.remote.AbstractRemoteTestNG.run(AbstractRemoteTestNG.java:115)
	at org.testng.remote.RemoteTestNG.initAndRun(RemoteTestNG.java:251)
	at org.testng.remote.RemoteTestNG.main(RemoteTestNG.java:77)
]]>
            </full-stacktrace>
          </exception> <!-- java.lang.AssertionError -->
          <reporter-output>
          </reporter-output>
        </test-method> <!-- Verify_Deposit_With_InValideAmmount -->
        <test-method is-config="true" signature="tearDown()[pri:0, instance:com.sqa.qa.testcases.AccountPageTest@740fb309]" started-at="2024-03-12T20:40:26Z" name="tearDown" finished-at="2024-03-12T20:40:26Z" duration-ms="224" status="PASS">
          <reporter-output>
          </reporter-output>
        </test-method> <!-- tearDown -->
        <test-method is-config="true" signature="setUp()[pri:0, instance:com.sqa.qa.testcases.AccountPageTest@740fb309]" started-at="2024-03-12T20:40:26Z" name="setUp" finished-at="2024-03-12T20:40:29Z" duration-ms="3419" status="PASS">
          <reporter-output>
          </reporter-output>
        </test-method> <!-- setUp -->
        <test-method signature="Verify_Withdraw_With_ValideAmmount()[pri:3, instance:com.sqa.qa.testcases.AccountPageTest@740fb309]" started-at="2024-03-12T20:40:29Z" name="Verify_Withdraw_With_ValideAmmount" finished-at="2024-03-12T20:40:41Z" duration-ms="11938" status="PASS">
          <reporter-output>
          </reporter-output>
        </test-method> <!-- Verify_Withdraw_With_ValideAmmount -->
        <test-method is-config="true" signature="tearDown()[pri:0, instance:com.sqa.qa.testcases.AccountPageTest@740fb309]" started-at="2024-03-12T20:40:41Z" name="tearDown" finished-at="2024-03-12T20:40:42Z" duration-ms="488" status="PASS">
          <reporter-output>
          </reporter-output>
        </test-method> <!-- tearDown -->
        <test-method is-config="true" signature="setUp()[pri:0, instance:com.sqa.qa.testcases.AccountPageTest@740fb309]" started-at="2024-03-12T20:40:42Z" name="setUp" finished-at="2024-03-12T20:40:46Z" duration-ms="3939" status="PASS">
          <reporter-output>
          </reporter-output>
        </test-method> <!-- setUp -->
        <test-method signature="Verify_Withdraw_With_InSufficient()[pri:4, instance:com.sqa.qa.testcases.AccountPageTest@740fb309]" started-at="2024-03-12T20:40:46Z" name="Verify_Withdraw_With_InSufficient" finished-at="2024-03-12T20:40:58Z" duration-ms="11918" status="PASS">
          <reporter-output>
          </reporter-output>
        </test-method> <!-- Verify_Withdraw_With_InSufficient -->
        <test-method is-config="true" signature="tearDown()[pri:0, instance:com.sqa.qa.testcases.AccountPageTest@740fb309]" started-at="2024-03-12T20:40:58Z" name="tearDown" finished-at="2024-03-12T20:40:58Z" duration-ms="275" status="PASS">
          <reporter-output>
          </reporter-output>
        </test-method> <!-- tearDown -->
      </class> <!-- com.sqa.qa.testcases.AccountPageTest -->
    </test> <!-- Test -->
  </suite> <!-- Suite -->
</testng-results>
